<?xml version="1.0" encoding="UTF-8"?>
<testng-results ignored="0" total="1" passed="1" failed="0" skipped="0">
  <reporter-output>
  </reporter-output>
  <suite started-at="2023-02-02T05:08:03 IST" name="Default suite" finished-at="2023-02-02T05:08:03 IST" duration-ms="78">
    <groups>
    </groups>
    <test started-at="2023-02-02T05:08:03 IST" name="Default test" finished-at="2023-02-02T05:08:03 IST" duration-ms="78">
      <class name="Demo.CreateOrgTest">
        <test-method signature="test1()[pri:0, instance:Demo.CreateOrgTest@2e1d27ba]" started-at="2023-02-02T05:08:03 IST" name="test1" finished-at="2023-02-02T05:08:03 IST" duration-ms="12" status="PASS">
          <reporter-output>
          </reporter-output>
        </test-method> <!-- test1 -->
      </class> <!-- Demo.CreateOrgTest -->
    </test> <!-- Default test -->
  </suite> <!-- Default suite -->
</testng-results>
